<?xml version="1.0" encoding="UTF-8"?>
<testsuite name="org.hello.HelloActivityTest" tests="1" skipped="0" failures="0" errors="0" timestamp="2016-10-27T11:47:03" hostname="OmarSyed-PC" time="0.012">
  <properties/>
  <testcase name="printTest" classname="org.hello.HelloActivityTest" time="0.012"/>
  <system-out><![CDATA[Hello Android
]]></system-out>
  <system-err><![CDATA[]]></system-err>
</testsuite>
